--- UPTIME RAW DATA ---
uptime
The game server started at 12-18 15:48:51
uptime 0 days 18 hours 17 minutes 26 seconds
Now it is 12-19 10:06:17

D2GS>

--- STATUS RAW DATA ---
status
Setting maximum game: 50
Current maximum game: 50
Current running game: 1
Current users in game: 3
Maximum prefer users: 180
Maximum game life: 1410065407 seconds
Connetion to D2CS (192.168.88.41): connected
Connetion to D2DBS(192.168.88.41): connected
Physical memory usage:   0.000MB/  0.000MB
Virtual memory usage:    0.000MB/  0.000MB
Kernel CPU usage:  19.94%
User CPU usage:     0.00%

Game Server Net Statistic: (rate is KBytes/second)
        RecvPkts    RecvBytes   SendPkts    SendBytes
D2CS        1184        13470       1345        14896
D2DBS       1351       158027       2315       472193
        RecvRate PeakRecvRate   SendRate PeakSendRate
D2CS       0.000        1.069      0.000        1.657
D2DBS      0.000       37.190      0.000       73.495

Message of the day:
Hello world from ZGAN

D2GS>
